<?xml version="1.0" encoding="UTF-8"?>
<testsuite xmlns:xsi="http://www.w3.org/2001/XMLSchema-instance" xsi:noNamespaceSchemaLocation="https://maven.apache.org/surefire/maven-surefire-plugin/xsd/surefire-test-report-3.0.xsd" version="3.0" name="com.example.debug.SecurityTestingApplicationTests" time="0.673" tests="1" errors="0" skipped="0" failures="0">
  <properties>
[...]
</properties>
  <testcase name="contextLoads" classname="com.example.debug.SecurityTestingApplicationTests" time="0.006">
    <system-out><![CDATA[2025-05-14T12:36:15.055Z  INFO 426390 --- [           main] t.c.s.AnnotationConfigContextLoaderUtils : Could not detect default configuration classes for test class [com.example.debug.SecurityTestingApplicationTests]: SecurityTestingApplicationTests does not declare any static, non-private, non-final, nested classes annotated with @Configuration.
2025-05-14T12:36:15.062Z  INFO 426390 --- [           main] .b.t.c.SpringBootTestContextBootstrapper : Found @SpringBootConfiguration com.example.debug.SecurityTestingApplication for test class com.example.debug.SecurityTestingApplicationTests

  .   ____          _            __ _ _
 /\\ / ___'_ __ _ _(_)_ __  __ _ \ \ \ \
( ( )\___ | '_ | '_| | '_ \/ _` | \ \ \ \
 \\/  ___)| |_)| | | | | || (_| |  ) ) ) )
  '  |____| .__|_| |_|_| |_\__, | / / / /
 =========|_|==============|___/=/_/_/_/
 :: Spring Boot ::                (v3.1.5)

2025-05-14T12:36:15.095Z  INFO 426390 --- [           main] c.e.d.SecurityTestingApplicationTests    : Starting SecurityTestingApplicationTests using Java 21.0.4 with PID 426390 (started by tommeyer in /home/tommeyer/training/Git-Basics-Repository-fk)
2025-05-14T12:36:15.095Z  INFO 426390 --- [           main] c.e.d.SecurityTestingApplicationTests    : No active profile set, falling back to 1 default profile: "default"
2025-05-14T12:36:15.646Z  INFO 426390 --- [           main] o.s.s.web.DefaultSecurityFilterChain     : Will secure any request with [org.springframework.security.web.session.DisableEncodeUrlFilter@949d347, org.springframework.security.web.context.request.async.WebAsyncManagerIntegrationFilter@f5ae29e, org.springframework.security.web.context.SecurityContextHolderFilter@acd3460, org.springframework.security.web.header.HeaderWriterFilter@7a3a49e5, org.springframework.web.filter.CorsFilter@1fc5c0b2, org.springframework.security.web.authentication.logout.LogoutFilter@45c408a4, com.example.debug.security.logic.ApiKeyAuthenticationFilter@45ad3cd8, org.springframework.security.web.savedrequest.RequestCacheAwareFilter@3ea9a091, org.springframework.security.web.servletapi.SecurityContextHolderAwareRequestFilter@16f4a3c0, org.springframework.security.web.authentication.AnonymousAuthenticationFilter@2b90cc1, org.springframework.security.web.session.SessionManagementFilter@6c1b82cd, org.springframework.security.web.access.ExceptionTranslationFilter@6dbb3d7d, org.springframework.security.web.access.intercept.AuthorizationFilter@543da15]
2025-05-14T12:36:15.713Z  INFO 426390 --- [           main] c.e.d.SecurityTestingApplicationTests    : Started SecurityTestingApplicationTests in 0.644 seconds (process running for 5.299)
]]></system-out>
  </testcase>
</testsuite>